<?xml version="1.0" encoding="UTF-8"?>
<!-- Generated by org.testng.reporters.JUnitReportReporter -->
<testsuite hostname="DESKTOP-5JFS7KH" failures="0" tests="1" name="com.TestSoal.Palindrome.TestRunner" time="0.069" errors="0" timestamp="2022-09-29T15:01:27 WIB" skipped="0">
  <testcase classname="com.TestSoal.Palindrome.TestRunner" name="runScenario" time="0.069"/>
  <system-out/>
</testsuite> <!-- com.TestSoal.Palindrome.TestRunner -->
