<?xml version="1.0" encoding="UTF-8"?>
<!-- Generated by org.testng.reporters.JUnitReportReporter -->
<testsuite hostname="DESKTOP-5JFS7KH" failures="0" tests="1" name="com.TestSoal.Tokped.TestRunner" time="18.916" errors="0" timestamp="2022-09-29T15:00:13 WIB" skipped="0">
  <testcase classname="com.TestSoal.Tokped.TestRunner" name="runScenario" time="18.916"/>
  <system-out/>
</testsuite> <!-- com.TestSoal.Tokped.TestRunner -->
